<?xml version="1.0" encoding="UTF-8"?>
<testng-results skipped="2" failed="0" total="2" passed="0">
  <reporter-output>
  </reporter-output>
  <suite name="Default suite" duration-ms="52258" started-at="2021-11-02T19:06:55Z" finished-at="2021-11-02T19:07:47Z">
    <groups>
    </groups>
    <test name="Default test" duration-ms="52258" started-at="2021-11-02T19:06:55Z" finished-at="2021-11-02T19:07:47Z">
      <class name="com.demoTestCases.TestCase1">
        <test-method status="PASS" signature="configBS()[pri:0, instance:com.demoTestCases.TestCase1@5649fd9b]" name="configBS" is-config="true" duration-ms="7" started-at="2021-11-03T00:36:55Z" finished-at="2021-11-03T00:36:55Z">
          <reporter-output>
          </reporter-output>
        </test-method> <!-- configBS -->
        <test-method status="PASS" signature="configBT()[pri:0, instance:com.demoTestCases.TestCase1@5649fd9b]" name="configBT" is-config="true" duration-ms="1" started-at="2021-11-03T00:36:55Z" finished-at="2021-11-03T00:36:55Z">
          <reporter-output>
          </reporter-output>
        </test-method> <!-- configBT -->
        <test-method status="FAIL" signature="configBC()[pri:0, instance:com.demoTestCases.TestCase1@5649fd9b]" name="configBC" is-config="true" duration-ms="0" started-at="2021-11-03T00:36:55Z" finished-at="2021-11-03T00:36:55Z">
          <exception class="org.openqa.selenium.WebDriverException">
            <message>
              <![CDATA[unknown error: cannot determine loading status
from unknown error: cannot determine loading status
from disconnected: received Inspector.detached event
  (Session info: chrome=95.0.4638.54)
Build info: version: '3.141.59', revision: 'e82be7d358', time: '2018-11-14T08:17:03'
System info: host: 'LAPTOP-BAQ6P4BU', ip: '192.168.43.37', os.name: 'Windows 10', os.arch: 'amd64', os.version: '10.0', java.version: '1.8.0_221'
Driver info: org.openqa.selenium.chrome.ChromeDriver
Capabilities {acceptInsecureCerts: false, browserName: chrome, browserVersion: 95.0.4638.54, chrome: {chromedriverVersion: 95.0.4638.17 (a9d0719444d4b..., userDataDir: C:\Users\SUSHMA~1\AppData\L...}, goog:chromeOptions: {debuggerAddress: localhost:50882}, javascriptEnabled: true, networkConnectionEnabled: false, pageLoadStrategy: normal, platform: WINDOWS, platformName: WINDOWS, proxy: Proxy(), setWindowRect: true, strictFileInteractability: false, timeouts: {implicit: 0, pageLoad: 300000, script: 30000}, unhandledPromptBehavior: dismiss and notify, webauthn:extension:credBlob: true, webauthn:extension:largeBlob: true, webauthn:virtualAuthenticators: true}
Session ID: 762eec28f231c139fc270fb623890ec8]]>
            </message>
            <full-stacktrace>
              <![CDATA[org.openqa.selenium.WebDriverException: unknown error: cannot determine loading status
from unknown error: cannot determine loading status
from disconnected: received Inspector.detached event
  (Session info: chrome=95.0.4638.54)
Build info: version: '3.141.59', revision: 'e82be7d358', time: '2018-11-14T08:17:03'
System info: host: 'LAPTOP-BAQ6P4BU', ip: '192.168.43.37', os.name: 'Windows 10', os.arch: 'amd64', os.version: '10.0', java.version: '1.8.0_221'
Driver info: org.openqa.selenium.chrome.ChromeDriver
Capabilities {acceptInsecureCerts: false, browserName: chrome, browserVersion: 95.0.4638.54, chrome: {chromedriverVersion: 95.0.4638.17 (a9d0719444d4b..., userDataDir: C:\Users\SUSHMA~1\AppData\L...}, goog:chromeOptions: {debuggerAddress: localhost:50882}, javascriptEnabled: true, networkConnectionEnabled: false, pageLoadStrategy: normal, platform: WINDOWS, platformName: WINDOWS, proxy: Proxy(), setWindowRect: true, strictFileInteractability: false, timeouts: {implicit: 0, pageLoad: 300000, script: 30000}, unhandledPromptBehavior: dismiss and notify, webauthn:extension:credBlob: true, webauthn:extension:largeBlob: true, webauthn:virtualAuthenticators: true}
Session ID: 762eec28f231c139fc270fb623890ec8
	at sun.reflect.NativeConstructorAccessorImpl.newInstance0(Native Method)
	at sun.reflect.NativeConstructorAccessorImpl.newInstance(NativeConstructorAccessorImpl.java:62)
	at sun.reflect.DelegatingConstructorAccessorImpl.newInstance(DelegatingConstructorAccessorImpl.java:45)
	at java.lang.reflect.Constructor.newInstance(Constructor.java:423)
	at org.openqa.selenium.remote.http.W3CHttpResponseCodec.createException(W3CHttpResponseCodec.java:187)
	at org.openqa.selenium.remote.http.W3CHttpResponseCodec.decode(W3CHttpResponseCodec.java:122)
	at org.openqa.selenium.remote.http.W3CHttpResponseCodec.decode(W3CHttpResponseCodec.java:49)
	at org.openqa.selenium.remote.HttpCommandExecutor.execute(HttpCommandExecutor.java:158)
	at org.openqa.selenium.remote.service.DriverCommandExecutor.execute(DriverCommandExecutor.java:83)
	at org.openqa.selenium.remote.RemoteWebDriver.execute(RemoteWebDriver.java:552)
	at org.openqa.selenium.remote.RemoteWebDriver.get(RemoteWebDriver.java:277)
	at demo.actiTime.GenericUtils.BaseClass.configBC(BaseClass.java:50)
	at sun.reflect.NativeMethodAccessorImpl.invoke0(Native Method)
	at sun.reflect.NativeMethodAccessorImpl.invoke(NativeMethodAccessorImpl.java:62)
	at sun.reflect.DelegatingMethodAccessorImpl.invoke(DelegatingMethodAccessorImpl.java:43)
	at java.lang.reflect.Method.invoke(Method.java:498)
	at org.testng.internal.MethodInvocationHelper.invokeMethod(MethodInvocationHelper.java:86)
	at org.testng.internal.Invoker.invokeConfigurationMethod(Invoker.java:515)
	at org.testng.internal.Invoker.invokeConfigurations(Invoker.java:216)
	at org.testng.internal.Invoker.invokeConfigurations(Invoker.java:143)
	at org.testng.internal.TestMethodWorker.invokeBeforeClassMethods(TestMethodWorker.java:178)
	at org.testng.internal.TestMethodWorker.run(TestMethodWorker.java:108)
	at org.testng.TestRunner.privateRun(TestRunner.java:778)
	at org.testng.TestRunner.run(TestRunner.java:632)
	at org.testng.SuiteRunner.runTest(SuiteRunner.java:366)
	at org.testng.SuiteRunner.runSequentially(SuiteRunner.java:361)
	at org.testng.SuiteRunner.privateRun(SuiteRunner.java:319)
	at org.testng.SuiteRunner.run(SuiteRunner.java:268)
	at org.testng.SuiteRunnerWorker.runSuite(SuiteRunnerWorker.java:52)
	at org.testng.SuiteRunnerWorker.run(SuiteRunnerWorker.java:86)
	at org.testng.TestNG.runSuitesSequentially(TestNG.java:1225)
	at org.testng.TestNG.runSuitesLocally(TestNG.java:1150)
	at org.testng.TestNG.runSuites(TestNG.java:1075)
	at org.testng.TestNG.run(TestNG.java:1047)
	at org.testng.remote.AbstractRemoteTestNG.run(AbstractRemoteTestNG.java:126)
	at org.testng.remote.RemoteTestNG.initAndRun(RemoteTestNG.java:137)
	at org.testng.remote.RemoteTestNG.main(RemoteTestNG.java:58)
]]>
            </full-stacktrace>
          </exception> <!-- org.openqa.selenium.WebDriverException -->
          <reporter-output>
          </reporter-output>
        </test-method> <!-- configBC -->
        <test-method status="SKIP" signature="sample()[pri:0, instance:com.demoTestCases.TestCase1@5649fd9b]" name="sample" duration-ms="0" started-at="2021-11-03T00:37:47Z" finished-at="2021-11-03T00:37:47Z">
          <reporter-output>
          </reporter-output>
        </test-method> <!-- sample -->
        <test-method status="SKIP" signature="configBM()[pri:0, instance:com.demoTestCases.TestCase1@5649fd9b]" name="configBM" is-config="true" duration-ms="0" started-at="2021-11-03T00:37:47Z" finished-at="2021-11-03T00:37:47Z">
          <reporter-output>
          </reporter-output>
        </test-method> <!-- configBM -->
        <test-method status="SKIP" signature="configAM()[pri:0, instance:com.demoTestCases.TestCase1@5649fd9b]" name="configAM" is-config="true" duration-ms="0" started-at="2021-11-03T00:37:47Z" finished-at="2021-11-03T00:37:47Z">
          <reporter-output>
          </reporter-output>
        </test-method> <!-- configAM -->
        <test-method status="SKIP" signature="configAM()[pri:0, instance:com.demoTestCases.TestCase1@5649fd9b]" name="configAM" is-config="true" duration-ms="0" started-at="2021-11-03T00:37:47Z" finished-at="2021-11-03T00:37:47Z">
          <reporter-output>
          </reporter-output>
        </test-method> <!-- configAM -->
        <test-method status="SKIP" signature="sample2()[pri:0, instance:com.demoTestCases.TestCase1@5649fd9b]" name="sample2" duration-ms="0" started-at="2021-11-03T00:37:47Z" finished-at="2021-11-03T00:37:47Z">
          <reporter-output>
          </reporter-output>
        </test-method> <!-- sample2 -->
        <test-method status="SKIP" signature="configBM()[pri:0, instance:com.demoTestCases.TestCase1@5649fd9b]" name="configBM" is-config="true" duration-ms="0" started-at="2021-11-03T00:37:47Z" finished-at="2021-11-03T00:37:47Z">
          <reporter-output>
          </reporter-output>
        </test-method> <!-- configBM -->
        <test-method status="SKIP" signature="configAC()[pri:0, instance:com.demoTestCases.TestCase1@5649fd9b]" name="configAC" is-config="true" duration-ms="0" started-at="2021-11-03T00:37:47Z" finished-at="2021-11-03T00:37:47Z">
          <reporter-output>
          </reporter-output>
        </test-method> <!-- configAC -->
        <test-method status="SKIP" signature="configAT()[pri:0, instance:com.demoTestCases.TestCase1@5649fd9b]" name="configAT" is-config="true" duration-ms="0" started-at="2021-11-03T00:37:47Z" finished-at="2021-11-03T00:37:47Z">
          <reporter-output>
          </reporter-output>
        </test-method> <!-- configAT -->
        <test-method status="SKIP" signature="configAS()[pri:0, instance:com.demoTestCases.TestCase1@5649fd9b]" name="configAS" is-config="true" duration-ms="0" started-at="2021-11-03T00:37:47Z" finished-at="2021-11-03T00:37:47Z">
          <reporter-output>
          </reporter-output>
        </test-method> <!-- configAS -->
      </class> <!-- com.demoTestCases.TestCase1 -->
    </test> <!-- Default test -->
  </suite> <!-- Default suite -->
</testng-results>
